<?xml version="1.0" encoding="UTF-8"?>
<testsuite xmlns:xsi="http://www.w3.org/2001/XMLSchema-instance" xsi:noNamespaceSchemaLocation="https://maven.apache.org/surefire/maven-surefire-plugin/xsd/surefire-test-report.xsd" name="com.cai.funtour.GatewayApplicationTests" time="0.566" tests="1" errors="1" skipped="0" failures="0">
  <properties>
[...]
</properties>
  <testcase name="com.cai.funtour.GatewayApplicationTests" classname="com.cai.funtour.GatewayApplicationTests" time="0.564">
    <error message="Found multiple @SpringBootConfiguration annotated classes [Generic bean: class [com.cai.funtour.GatewayApplication]; scope=; abstract=false; lazyInit=null; autowireMode=0; dependencyCheck=0; autowireCandidate=true; primary=false; factoryBeanName=null; factoryMethodName=null; initMethodName=null; destroyMethodName=null; defined in file [S:\project\back\work\funTour\gateway\target\classes\com\cai\funtour\GatewayApplication.class], Generic bean: class [com.cai.funtour.ApiApplication]; scope=; abstract=false; lazyInit=null; autowireMode=0; dependencyCheck=0; autowireCandidate=true; primary=false; factoryBeanName=null; factoryMethodName=null; initMethodName=null; destroyMethodName=null; defined in URL [jar:file:/D:/Java/m2/repository/com/cai/api/0.0.1-SNAPSHOT/api-0.0.1-SNAPSHOT.jar!/com/cai/funtour/ApiApplication.class]]" type="java.lang.IllegalStateException">java.lang.IllegalStateException: Found multiple @SpringBootConfiguration annotated classes [Generic bean: class [com.cai.funtour.GatewayApplication]; scope=; abstract=false; lazyInit=null; autowireMode=0; dependencyCheck=0; autowireCandidate=true; primary=false; factoryBeanName=null; factoryMethodName=null; initMethodName=null; destroyMethodName=null; defined in file [S:\project\back\work\funTour\gateway\target\classes\com\cai\funtour\GatewayApplication.class], Generic bean: class [com.cai.funtour.ApiApplication]; scope=; abstract=false; lazyInit=null; autowireMode=0; dependencyCheck=0; autowireCandidate=true; primary=false; factoryBeanName=null; factoryMethodName=null; initMethodName=null; destroyMethodName=null; defined in URL [jar:file:/D:/Java/m2/repository/com/cai/api/0.0.1-SNAPSHOT/api-0.0.1-SNAPSHOT.jar!/com/cai/funtour/ApiApplication.class]]
</error>
    <system-out><![CDATA[2022-04-25 14:46:26.407 INFO  trace-id: org.springframework.test.context.support.AbstractTestContextBootstrapper 305 buildDefaultMergedContextConfiguration - Neither @ContextConfiguration nor @ContextHierarchy found for test class [com.cai.funtour.GatewayApplicationTests], using SpringBootContextLoader
2022-04-25 14:46:26.412 INFO  trace-id: org.springframework.test.context.support.AbstractContextLoader 264 generateDefaultLocations - Could not detect default resource locations for test class [com.cai.funtour.GatewayApplicationTests]: no resource found for suffixes {-context.xml, Context.groovy}.
2022-04-25 14:46:26.413 INFO  trace-id: org.springframework.test.context.support.AnnotationConfigContextLoaderUtils 83 detectDefaultConfigurationClasses - Could not detect default configuration classes for test class [com.cai.funtour.GatewayApplicationTests]: GatewayApplicationTests does not declare any static, non-private, non-final, nested classes annotated with @Configuration.
]]></system-out>
  </testcase>
</testsuite>